<?xml version="1.0" encoding="UTF-8"?>
<!-- Generated by org.testng.reporters.JUnitReportReporter -->
<testsuite hostname="GP-PC-6000017.local" failures="0" tests="3" name="com.wiki.tests.SearchTest_Wiki" time="29.583" errors="0" timestamp="12 Aug 2022 05:59:03 GMT" skipped="0">
  <testcase classname="com.wiki.tests.SearchTest_Wiki" name="Verify_Search_Working_ValidData_English" time="12.351"/>
  <testcase classname="com.wiki.tests.SearchTest_Wiki" name="Verify_Search_Working_ValidData_Bangla" time="9.948"/>
  <testcase classname="com.wiki.tests.SearchTest_Wiki" name="Verify_Search_Working_ValidData_EnglishToBangla_NegativeTesting" time="7.284"/>
</testsuite> <!-- com.wiki.tests.SearchTest_Wiki -->
