<?xml version="1.0" encoding="UTF-8"?>
<!-- Generated by org.testng.reporters.JUnitReportReporter -->
<testsuite skipped="0" hostname="GP-PC-6000017.local" name="com.wiki.tests.SearchTest_Wiki" tests="1" failures="0" timestamp="06 Aug 2022 12:15:18 GMT" time="6.004" errors="0">
  <testcase name="Verify_Search_Working_ValidData" time="6.004" classname="com.wiki.tests.SearchTest_Wiki"/>
</testsuite> <!-- com.wiki.tests.SearchTest_Wiki -->
